0 info it worked if it ends with ok
1 verbose cli [ '/usr/bin/node',
1 verbose cli   '/usr/bin/npm',
1 verbose cli   'install',
1 verbose cli   'moongose',
1 verbose cli   '--save' ]
2 info using npm@1.4.28
3 info using node@v0.10.33
4 verbose node symlink /usr/bin/node
5 verbose readDependencies using package.json deps
6 verbose cache add [ 'moongose', null ]
7 verbose cache add name=undefined spec="moongose" args=["moongose",null]
8 verbose parsed url { protocol: null,
8 verbose parsed url   slashes: null,
8 verbose parsed url   auth: null,
8 verbose parsed url   host: null,
8 verbose parsed url   port: null,
8 verbose parsed url   hostname: null,
8 verbose parsed url   hash: null,
8 verbose parsed url   search: null,
8 verbose parsed url   query: null,
8 verbose parsed url   pathname: 'moongose',
8 verbose parsed url   path: 'moongose',
8 verbose parsed url   href: 'moongose' }
9 silly lockFile 61a5aea2-moongose moongose
10 verbose lock moongose /home/vagrant/.npm/61a5aea2-moongose.lock
11 silly lockFile 61a5aea2-moongose moongose
12 silly lockFile 61a5aea2-moongose moongose
13 verbose addNamed [ 'moongose', '' ]
14 verbose addNamed [ null, '*' ]
15 silly lockFile 63fea7b6-moongose moongose@
16 verbose lock moongose@ /home/vagrant/.npm/63fea7b6-moongose.lock
17 silly addNameRange { name: 'moongose', range: '*', hasData: false }
18 verbose request where is /moongose
19 verbose request registry https://registry.npmjs.org/
20 verbose request id 95b00a207656205d
21 verbose url raw /moongose
22 verbose url resolving [ 'https://registry.npmjs.org/', './moongose' ]
23 verbose url resolved https://registry.npmjs.org/moongose
24 verbose request where is https://registry.npmjs.org/moongose
25 info trying registry request attempt 1 at 05:03:44
26 http GET https://registry.npmjs.org/moongose
27 http 404 https://registry.npmjs.org/moongose
28 verbose headers { date: 'Tue, 17 Feb 2015 05:03:41 GMT',
28 verbose headers   server: 'CouchDB/1.5.0 (Erlang OTP/R16B03)',
28 verbose headers   'content-type': 'application/json',
28 verbose headers   'cache-control': 'max-age=0',
28 verbose headers   'content-length': '52',
28 verbose headers   'accept-ranges': 'bytes',
28 verbose headers   via: '1.1 varnish',
28 verbose headers   age: '0',
28 verbose headers   'x-served-by': 'cache-atl6230-ATL',
28 verbose headers   'x-cache': 'MISS',
28 verbose headers   'x-cache-hits': '0',
28 verbose headers   'x-timer': 'S1424149421.289017,VS0,VE24',
28 verbose headers   'keep-alive': 'timeout=10, max=50',
28 verbose headers   connection: 'Keep-Alive' }
29 silly registry.get cb [ 404,
29 silly registry.get   { date: 'Tue, 17 Feb 2015 05:03:41 GMT',
29 silly registry.get     server: 'CouchDB/1.5.0 (Erlang OTP/R16B03)',
29 silly registry.get     'content-type': 'application/json',
29 silly registry.get     'cache-control': 'max-age=0',
29 silly registry.get     'content-length': '52',
29 silly registry.get     'accept-ranges': 'bytes',
29 silly registry.get     via: '1.1 varnish',
29 silly registry.get     age: '0',
29 silly registry.get     'x-served-by': 'cache-atl6230-ATL',
29 silly registry.get     'x-cache': 'MISS',
29 silly registry.get     'x-cache-hits': '0',
29 silly registry.get     'x-timer': 'S1424149421.289017,VS0,VE24',
29 silly registry.get     'keep-alive': 'timeout=10, max=50',
29 silly registry.get     connection: 'Keep-Alive' } ]
30 silly lockFile 63fea7b6-moongose moongose@
31 silly lockFile 63fea7b6-moongose moongose@
32 error 404 404 Not Found: moongose
32 error 404
32 error 404 'moongose' is not in the npm registry.
32 error 404 You should bug the author to publish it
32 error 404 It was specified as a dependency of 'app'
32 error 404
32 error 404 Note that you can also install from a
32 error 404 tarball, folder, or http url, or git url.
33 error System Linux 3.13.0-30-generic
34 error command "/usr/bin/node" "/usr/bin/npm" "install" "moongose" "--save"
35 error cwd /home/vagrant/Code/apptitude/chatMEAN
36 error node -v v0.10.33
37 error npm -v 1.4.28
38 error code E404
39 verbose exit [ 1, true ]
